Using pre-set license
Built from '2020.3/staging' branch; Version is '2020.3.0f1 (c7b5465681fb) revision 13088070'; Using compiler version '192528614'; Build Type 'Release'
OS: 'Windows 10 Home Single Language; OS build 19041.867; Version 2004; 64bit' Language: 'en' Physical Memory: 16193 MB
BatchMode: 1, IsHumanControllingUs: 0, StartBugReporterOnCrash: 0, Is64bit: 1, IsPro: 0

 COMMAND LINE ARGUMENTS:
C:\Program Files\Unity\Hub\Editor\2020.3.0f1\Editor\Unity.exe
-adb2
-batchMode
-noUpm
-name
AssetImportWorker0
-projectPath
E:/School stuff/Arben Class/FireSimulator/ShotsFired_COMP395_FireExtinguisherSim
-logFile
Logs/AssetImportWorker0.log
-srvPort
50546
Successfully changed project path to: E:/School stuff/Arben Class/FireSimulator/ShotsFired_COMP395_FireExtinguisherSim
E:/School stuff/Arben Class/FireSimulator/ShotsFired_COMP395_FireExtinguisherSim
Using Asset Import Pipeline V2.
Refreshing native plugins compatible for Editor in 37.53 ms, found 0 plugins.
Preloading 0 native plugins for Editor in 0.00 ms.
Initialize engine version: 2020.3.0f1 (c7b5465681fb)
[Subsystems] Discovering subsystems at path C:/Program Files/Unity/Hub/Editor/2020.3.0f1/Editor/Data/Resources/UnitySubsystems
[Subsystems] Discovering subsystems at path E:/School stuff/Arben Class/FireSimulator/ShotsFired_COMP395_FireExtinguisherSim/Assets
GfxDevice: creating device client; threaded=0
Direct3D:
    Version:  Direct3D 11.0 [level 11.1]
    Renderer: Radeon RX 560X (ID=0x67ef)
    Vendor:   
    VRAM:     4075 MB
    Driver:   27.20.14501.28009
Initialize mono
Mono path[0] = 'C:/Program Files/Unity/Hub/Editor/2020.3.0f1/Editor/Data/Managed'
Mono path[1] = 'C:/Program Files/Unity/Hub/Editor/2020.3.0f1/Editor/Data/MonoBleedingEdge/lib/mono/unityjit'
Mono config path = 'C:/Program Files/Unity/Hub/Editor/2020.3.0f1/Editor/Data/MonoBleedingEdge/etc'
Using monoOptions --debugger-agent=transport=dt_socket,embedding=1,server=y,suspend=n,address=127.0.0.1:56372
Begin MonoManager ReloadAssembly
Registering precompiled unity dll's ...
Register platform support module: C:/Program Files/Unity/Hub/Editor/2020.3.0f1/Editor/Data/PlaybackEngines/WindowsStandaloneSupport/UnityEditor.WindowsStandalone.Extensions.dll
Registered in 0.003049 seconds.
Native extension for WindowsStandalone target not found
Refreshing native plugins compatible for Editor in 37.32 ms, found 0 plugins.
Preloading 0 native plugins for Editor in 0.00 ms.
Invoked RoslynAnalysisRunner static constructor.
RoslynAnalysisRunner will not be running.
RoslynAnalysisRunner has terminated.
Mono: successfully reloaded assembly
- Completed reload, in  1.497 seconds
Platform modules already initialized, skipping
Registering precompiled user dll's ...
Registered in 0.000972 seconds.
Begin MonoManager ReloadAssembly
Native extension for WindowsStandalone target not found
Refreshing native plugins compatible for Editor in 0.35 ms, found 0 plugins.
Preloading 0 native plugins for Editor in 0.00 ms.
Invoked RoslynAnalysisRunner static constructor.
RoslynAnalysisRunner will not be running.
RoslynAnalysisRunner has terminated.
Mono: successfully reloaded assembly
- Completed reload, in  1.140 seconds
Platform modules already initialized, skipping
========================================================================
Worker process is ready to serve import requests
Launched and connected shader compiler UnityShaderCompiler.exe after 0.06 seconds
Refreshing native plugins compatible for Editor in 0.34 ms, found 0 plugins.
Preloading 0 native plugins for Editor in 0.00 ms.
Unloading 1276 Unused Serialized files (Serialized files now loaded: 0)
System memory in use before: 71.1 MB.
System memory in use after: 71.2 MB.

Unloading 9 unused Assets to reduce memory usage. Loaded Objects now: 1722.
Total: 2.324300 ms (FindLiveObjects: 0.228000 ms CreateObjectMapping: 0.061800 ms MarkObjects: 1.923000 ms  DeleteObjects: 0.110200 ms)

========================================================================
Received Import Request.
  path: Assets/Models/PinMain1.3ds
  artifactKey: Guid(ffd399605be000f4abcc2ece7986af8d) Importer(815301076,1909f56bfc062723c751e8b465ee728b)
Start importing Assets/Models/PinMain1.3ds using Guid(ffd399605be000f4abcc2ece7986af8d) Importer(815301076,1909f56bfc062723c751e8b465ee728b)  -> (artifact id: '62ded884d45362dcb7c7d7ba6d5d8034') in 0.223763 seconds
  Import took 0.226641 seconds .

========================================================================
Received Import Request.
  Time since last request: 0.000350 seconds.
  path: Assets/Materials/WhiteMat.mat
  artifactKey: Guid(d7f79a3a1cfa0f547a5fbc4418565708) Importer(815301076,1909f56bfc062723c751e8b465ee728b)
Start importing Assets/Materials/WhiteMat.mat using Guid(d7f79a3a1cfa0f547a5fbc4418565708) Importer(815301076,1909f56bfc062723c751e8b465ee728b)  -> (artifact id: '7c2724b8b98e158a556c6103a0417b00') in 0.030490 seconds
  Import took 0.033320 seconds .

========================================================================
Received Import Request.
  Time since last request: 0.000224 seconds.
  path: Assets/Materials/RedMat.mat
  artifactKey: Guid(b90dec712fea2a144a2b6dbe059a39e6) Importer(815301076,1909f56bfc062723c751e8b465ee728b)
Start importing Assets/Materials/RedMat.mat using Guid(b90dec712fea2a144a2b6dbe059a39e6) Importer(815301076,1909f56bfc062723c751e8b465ee728b)  -> (artifact id: '3d1cabfbb22b2ebf03e69fec4b34afda') in 0.022500 seconds
  Import took 0.025534 seconds .

========================================================================
Received Import Request.
  Time since last request: 0.000293 seconds.
  path: Assets/Materials/YellowMat.mat
  artifactKey: Guid(bdd56cdbe518fed41b133c0ebc2b2bd2) Importer(815301076,1909f56bfc062723c751e8b465ee728b)
Start importing Assets/Materials/YellowMat.mat using Guid(bdd56cdbe518fed41b133c0ebc2b2bd2) Importer(815301076,1909f56bfc062723c751e8b465ee728b)  -> (artifact id: '5d3c803b9171829c04bb9114f16bb446') in 0.020201 seconds
  Import took 0.023531 seconds .

========================================================================
Received Import Request.
  Time since last request: 0.000278 seconds.
  path: Assets/Models/Lever.obj
  artifactKey: Guid(b4f28ae3fd89fb9469b97eac72feb3a0) Importer(815301076,1909f56bfc062723c751e8b465ee728b)
Start importing Assets/Models/Lever.obj using Guid(b4f28ae3fd89fb9469b97eac72feb3a0) Importer(815301076,1909f56bfc062723c751e8b465ee728b)  -> (artifact id: '98e590b10fcd31cf5993cd793242af2b') in 0.075716 seconds
  Import took 0.078666 seconds .

========================================================================
Received Import Request.
  Time since last request: 0.000240 seconds.
  path: Assets/Scenes/Environment Test Scene.unity
  artifactKey: Guid(6f8581c9fa203a749b8943a0d271cd1a) Importer(815301076,1909f56bfc062723c751e8b465ee728b)
Start importing Assets/Scenes/Environment Test Scene.unity using Guid(6f8581c9fa203a749b8943a0d271cd1a) Importer(815301076,1909f56bfc062723c751e8b465ee728b)  -> (artifact id: 'ad92cb41e499c70b81f8d28d19b725bb') in 0.010709 seconds
  Import took 0.013334 seconds .

========================================================================
Received Import Request.
  Time since last request: 0.000276 seconds.
  path: Assets/Materials/GreyMat.mat
  artifactKey: Guid(bfac771ec10c1a9429bc3f072e7509a2) Importer(815301076,1909f56bfc062723c751e8b465ee728b)
Start importing Assets/Materials/GreyMat.mat using Guid(bfac771ec10c1a9429bc3f072e7509a2) Importer(815301076,1909f56bfc062723c751e8b465ee728b)  -> (artifact id: '1225b54d723973400aa276891384d24f') in 0.021913 seconds
  Import took 0.024976 seconds .

========================================================================
Received Import Request.
  Time since last request: 0.000222 seconds.
  path: Assets/Models/GaugePin.obj
  artifactKey: Guid(28b620a4ac24b56428ab33942b353bcc) Importer(815301076,1909f56bfc062723c751e8b465ee728b)
Start importing Assets/Models/GaugePin.obj using Guid(28b620a4ac24b56428ab33942b353bcc) Importer(815301076,1909f56bfc062723c751e8b465ee728b)  -> (artifact id: 'bf7069a3445d2c1b6bb045c2c4f94464') in 0.037595 seconds
  Import took 0.040594 seconds .

========================================================================
Received Import Request.
  Time since last request: 0.000205 seconds.
  path: Assets/Models/Fire Extinguisher.fbx
  artifactKey: Guid(e6a496b2ad614ce4496a01aeb4adfaf1) Importer(815301076,1909f56bfc062723c751e8b465ee728b)
Start importing Assets/Models/Fire Extinguisher.fbx using Guid(e6a496b2ad614ce4496a01aeb4adfaf1) Importer(815301076,1909f56bfc062723c751e8b465ee728b)  -> (artifact id: '38bc5e50bda2110b01a6e5f51047923a') in 0.036778 seconds
  Import took 0.039161 seconds .

========================================================================
Received Import Request.
  Time since last request: 0.000220 seconds.
  path: Assets/Materials/GreenMat.mat
  artifactKey: Guid(e05ee660173def5449952d03a2908d07) Importer(815301076,1909f56bfc062723c751e8b465ee728b)
Start importing Assets/Materials/GreenMat.mat using Guid(e05ee660173def5449952d03a2908d07) Importer(815301076,1909f56bfc062723c751e8b465ee728b)  -> (artifact id: '204a87ab66230b43f8e83b79cf0c93e4') in 0.013456 seconds
  Import took 0.016017 seconds .

========================================================================
Received Import Request.
  Time since last request: 0.000228 seconds.
  path: Assets/Materials/Fire Extinguisher Textured_Albedo.mat
  artifactKey: Guid(e8ad3e96ee34daf49b159e413f4b5cc2) Importer(815301076,1909f56bfc062723c751e8b465ee728b)
Start importing Assets/Materials/Fire Extinguisher Textured_Albedo.mat using Guid(e8ad3e96ee34daf49b159e413f4b5cc2) Importer(815301076,1909f56bfc062723c751e8b465ee728b)  -> (artifact id: '123d4cb0ab5580886bf0f61a75b2f640') in 0.015929 seconds
  Import took 0.018870 seconds .

========================================================================
Received Import Request.
  Time since last request: 0.000283 seconds.
  path: Assets/Materials/Lever Textured_Albedo.mat
  artifactKey: Guid(91787a4047741414b8d617430afc0427) Importer(815301076,1909f56bfc062723c751e8b465ee728b)
Start importing Assets/Materials/Lever Textured_Albedo.mat using Guid(91787a4047741414b8d617430afc0427) Importer(815301076,1909f56bfc062723c751e8b465ee728b)  -> (artifact id: '62d103a53e47aa551a5e7560c6c944da') in 0.022660 seconds
  Import took 0.025484 seconds .

========================================================================
Received Import Request.
  Time since last request: 0.000243 seconds.
  path: Assets/Models/PinMain2.fbx
  artifactKey: Guid(f59626fe8d994914c949c22a4ca470ae) Importer(815301076,1909f56bfc062723c751e8b465ee728b)
Start importing Assets/Models/PinMain2.fbx using Guid(f59626fe8d994914c949c22a4ca470ae) Importer(815301076,1909f56bfc062723c751e8b465ee728b)  -> (artifact id: '2ba9dade5667beeb4d56ed38b770cd54') in 0.029088 seconds
  Import took 0.031869 seconds .

========================================================================
Received Import Request.
  Time since last request: 8.111280 seconds.
  path: Assets/Scenes/EnvScene.unity
  artifactKey: Guid(57508893fdfee1148b04747b096eb2ae) Importer(815301076,1909f56bfc062723c751e8b465ee728b)
Start importing Assets/Scenes/EnvScene.unity using Guid(57508893fdfee1148b04747b096eb2ae) Importer(815301076,1909f56bfc062723c751e8b465ee728b)  -> (artifact id: '55651aaa8e04debfb61caf5f6a25ba18') in 0.009414 seconds
  Import took 0.012574 seconds .

========================================================================
Received Import Request.
  Time since last request: 9.450271 seconds.
  path: Assets/Scenes/DemoScene.unity
  artifactKey: Guid(00ea5a96f0b4e3644a1ed8a6b95764fc) Importer(815301076,1909f56bfc062723c751e8b465ee728b)
Start importing Assets/Scenes/DemoScene.unity using Guid(00ea5a96f0b4e3644a1ed8a6b95764fc) Importer(815301076,1909f56bfc062723c751e8b465ee728b)  -> (artifact id: '2e01b3297fbfff4f797582de0fea7c22') in 0.009551 seconds
  Import took 0.012032 seconds .

========================================================================
Received Prepare
Registering precompiled user dll's ...
Registered in 0.000767 seconds.
Begin MonoManager ReloadAssembly
Native extension for WindowsStandalone target not found
Refreshing native plugins compatible for Editor in 0.52 ms, found 0 plugins.
Preloading 0 native plugins for Editor in 0.00 ms.
Invoked RoslynAnalysisRunner static constructor.
RoslynAnalysisRunner will not be running.
RoslynAnalysisRunner has terminated.
Mono: successfully reloaded assembly
- Completed reload, in  1.146 seconds
Platform modules already initialized, skipping
Refreshing native plugins compatible for Editor in 0.37 ms, found 0 plugins.
Preloading 0 native plugins for Editor in 0.00 ms.
Unloading 1236 Unused Serialized files (Serialized files now loaded: 0)
System memory in use before: 71.9 MB.
System memory in use after: 72.0 MB.

Unloading 4 unused Assets to reduce memory usage. Loaded Objects now: 1768.
Total: 1.925600 ms (FindLiveObjects: 0.195300 ms CreateObjectMapping: 0.033700 ms MarkObjects: 1.677300 ms  DeleteObjects: 0.017900 ms)

========================================================================
Received Prepare
Registering precompiled user dll's ...
Registered in 0.001012 seconds.
Begin MonoManager ReloadAssembly
Native extension for WindowsStandalone target not found
Refreshing native plugins compatible for Editor in 0.48 ms, found 0 plugins.
Preloading 0 native plugins for Editor in 0.00 ms.
Invoked RoslynAnalysisRunner static constructor.
RoslynAnalysisRunner will not be running.
RoslynAnalysisRunner has terminated.
Mono: successfully reloaded assembly
- Completed reload, in  1.145 seconds
Platform modules already initialized, skipping
Refreshing native plugins compatible for Editor in 0.85 ms, found 0 plugins.
Preloading 0 native plugins for Editor in 0.00 ms.
Unloading 1236 Unused Serialized files (Serialized files now loaded: 0)
System memory in use before: 71.9 MB.
System memory in use after: 72.0 MB.

Unloading 4 unused Assets to reduce memory usage. Loaded Objects now: 1771.
Total: 4.545000 ms (FindLiveObjects: 0.281100 ms CreateObjectMapping: 0.059200 ms MarkObjects: 4.176400 ms  DeleteObjects: 0.026100 ms)

========================================================================
Received Prepare
Registering precompiled user dll's ...
Registered in 0.000724 seconds.
Begin MonoManager ReloadAssembly
Native extension for WindowsStandalone target not found
Refreshing native plugins compatible for Editor in 0.46 ms, found 0 plugins.
Preloading 0 native plugins for Editor in 0.00 ms.
Invoked RoslynAnalysisRunner static constructor.
RoslynAnalysisRunner will not be running.
RoslynAnalysisRunner has terminated.
Mono: successfully reloaded assembly
- Completed reload, in  1.101 seconds
Platform modules already initialized, skipping
Refreshing native plugins compatible for Editor in 0.35 ms, found 0 plugins.
Preloading 0 native plugins for Editor in 0.00 ms.
Unloading 1236 Unused Serialized files (Serialized files now loaded: 0)
System memory in use before: 71.9 MB.
System memory in use after: 72.0 MB.

Unloading 4 unused Assets to reduce memory usage. Loaded Objects now: 1774.
Total: 2.547200 ms (FindLiveObjects: 0.264000 ms CreateObjectMapping: 0.067400 ms MarkObjects: 2.194200 ms  DeleteObjects: 0.019000 ms)

========================================================================
Received Prepare
Registering precompiled user dll's ...
Registered in 0.000757 seconds.
Begin MonoManager ReloadAssembly
Native extension for WindowsStandalone target not found
Refreshing native plugins compatible for Editor in 0.37 ms, found 0 plugins.
Preloading 0 native plugins for Editor in 0.00 ms.
Invoked RoslynAnalysisRunner static constructor.
RoslynAnalysisRunner will not be running.
RoslynAnalysisRunner has terminated.
Mono: successfully reloaded assembly
- Completed reload, in  1.121 seconds
Platform modules already initialized, skipping
Refreshing native plugins compatible for Editor in 0.52 ms, found 0 plugins.
Preloading 0 native plugins for Editor in 0.00 ms.
Unloading 1236 Unused Serialized files (Serialized files now loaded: 0)
System memory in use before: 71.9 MB.
System memory in use after: 72.0 MB.

Unloading 4 unused Assets to reduce memory usage. Loaded Objects now: 1777.
Total: 2.991900 ms (FindLiveObjects: 0.312400 ms CreateObjectMapping: 0.087400 ms MarkObjects: 2.565900 ms  DeleteObjects: 0.024200 ms)

========================================================================
Received Prepare
Registering precompiled user dll's ...
Registered in 0.002396 seconds.
Begin MonoManager ReloadAssembly
Native extension for WindowsStandalone target not found
Refreshing native plugins compatible for Editor in 0.58 ms, found 0 plugins.
Preloading 0 native plugins for Editor in 0.00 ms.
Invoked RoslynAnalysisRunner static constructor.
RoslynAnalysisRunner will not be running.
RoslynAnalysisRunner has terminated.
Mono: successfully reloaded assembly
- Completed reload, in  1.155 seconds
Platform modules already initialized, skipping
Refreshing native plugins compatible for Editor in 0.35 ms, found 0 plugins.
Preloading 0 native plugins for Editor in 0.00 ms.
Unloading 1236 Unused Serialized files (Serialized files now loaded: 0)
System memory in use before: 71.9 MB.
System memory in use after: 72.0 MB.

Unloading 4 unused Assets to reduce memory usage. Loaded Objects now: 1780.
Total: 2.663200 ms (FindLiveObjects: 0.294100 ms CreateObjectMapping: 0.063100 ms MarkObjects: 2.282000 ms  DeleteObjects: 0.021700 ms)

========================================================================
Received Prepare
Registering precompiled user dll's ...
Registered in 0.000911 seconds.
Begin MonoManager ReloadAssembly
Native extension for WindowsStandalone target not found
Refreshing native plugins compatible for Editor in 0.38 ms, found 0 plugins.
Preloading 0 native plugins for Editor in 0.00 ms.
Invoked RoslynAnalysisRunner static constructor.
RoslynAnalysisRunner will not be running.
RoslynAnalysisRunner has terminated.
Mono: successfully reloaded assembly
- Completed reload, in  1.079 seconds
Platform modules already initialized, skipping
Refreshing native plugins compatible for Editor in 0.35 ms, found 0 plugins.
Preloading 0 native plugins for Editor in 0.00 ms.
Unloading 1236 Unused Serialized files (Serialized files now loaded: 0)
System memory in use before: 71.9 MB.
System memory in use after: 72.0 MB.

Unloading 4 unused Assets to reduce memory usage. Loaded Objects now: 1783.
Total: 3.691700 ms (FindLiveObjects: 0.239600 ms CreateObjectMapping: 0.041300 ms MarkObjects: 3.379700 ms  DeleteObjects: 0.029100 ms)

========================================================================
Received Prepare
Registering precompiled user dll's ...
Registered in 0.000790 seconds.
Begin MonoManager ReloadAssembly
Native extension for WindowsStandalone target not found
Refreshing native plugins compatible for Editor in 0.47 ms, found 0 plugins.
Preloading 0 native plugins for Editor in 0.00 ms.
Invoked RoslynAnalysisRunner static constructor.
RoslynAnalysisRunner will not be running.
RoslynAnalysisRunner has terminated.
Mono: successfully reloaded assembly
- Completed reload, in  1.096 seconds
Platform modules already initialized, skipping
Refreshing native plugins compatible for Editor in 0.37 ms, found 0 plugins.
Preloading 0 native plugins for Editor in 0.00 ms.
Unloading 1236 Unused Serialized files (Serialized files now loaded: 0)
System memory in use before: 71.9 MB.
System memory in use after: 72.0 MB.

Unloading 4 unused Assets to reduce memory usage. Loaded Objects now: 1786.
Total: 2.131200 ms (FindLiveObjects: 0.253500 ms CreateObjectMapping: 0.049000 ms MarkObjects: 1.805400 ms  DeleteObjects: 0.021600 ms)

========================================================================
Received Prepare
Registering precompiled user dll's ...
Registered in 0.000763 seconds.
Begin MonoManager ReloadAssembly
Native extension for WindowsStandalone target not found
Refreshing native plugins compatible for Editor in 0.37 ms, found 0 plugins.
Preloading 0 native plugins for Editor in 0.00 ms.
Invoked RoslynAnalysisRunner static constructor.
RoslynAnalysisRunner will not be running.
RoslynAnalysisRunner has terminated.
Mono: successfully reloaded assembly
- Completed reload, in  1.109 seconds
Platform modules already initialized, skipping
Refreshing native plugins compatible for Editor in 0.36 ms, found 0 plugins.
Preloading 0 native plugins for Editor in 0.00 ms.
Unloading 1236 Unused Serialized files (Serialized files now loaded: 0)
System memory in use before: 71.9 MB.
System memory in use after: 72.0 MB.

Unloading 4 unused Assets to reduce memory usage. Loaded Objects now: 1789.
Total: 2.280100 ms (FindLiveObjects: 0.240700 ms CreateObjectMapping: 0.039100 ms MarkObjects: 1.979900 ms  DeleteObjects: 0.017900 ms)

========================================================================
Received Prepare
Registering precompiled user dll's ...
Registered in 0.001067 seconds.
Begin MonoManager ReloadAssembly
Native extension for WindowsStandalone target not found
Refreshing native plugins compatible for Editor in 0.38 ms, found 0 plugins.
Preloading 0 native plugins for Editor in 0.00 ms.
Invoked RoslynAnalysisRunner static constructor.
RoslynAnalysisRunner will not be running.
RoslynAnalysisRunner has terminated.
Mono: successfully reloaded assembly
- Completed reload, in  1.048 seconds
Platform modules already initialized, skipping
Refreshing native plugins compatible for Editor in 0.41 ms, found 0 plugins.
Preloading 0 native plugins for Editor in 0.00 ms.
Unloading 1236 Unused Serialized files (Serialized files now loaded: 0)
System memory in use before: 71.9 MB.
System memory in use after: 72.0 MB.

Unloading 4 unused Assets to reduce memory usage. Loaded Objects now: 1792.
Total: 2.311700 ms (FindLiveObjects: 0.229100 ms CreateObjectMapping: 0.046300 ms MarkObjects: 2.012300 ms  DeleteObjects: 0.022400 ms)

========================================================================
Received Prepare
Registering precompiled user dll's ...
Registered in 0.001057 seconds.
Begin MonoManager ReloadAssembly
Native extension for WindowsStandalone target not found
Refreshing native plugins compatible for Editor in 0.40 ms, found 0 plugins.
Preloading 0 native plugins for Editor in 0.00 ms.
Invoked RoslynAnalysisRunner static constructor.
RoslynAnalysisRunner will not be running.
RoslynAnalysisRunner has terminated.
Mono: successfully reloaded assembly
- Completed reload, in  1.115 seconds
Platform modules already initialized, skipping
Refreshing native plugins compatible for Editor in 0.35 ms, found 0 plugins.
Preloading 0 native plugins for Editor in 0.00 ms.
Unloading 1236 Unused Serialized files (Serialized files now loaded: 0)
System memory in use before: 71.9 MB.
System memory in use after: 72.1 MB.

Unloading 4 unused Assets to reduce memory usage. Loaded Objects now: 1795.
Total: 2.404500 ms (FindLiveObjects: 0.236500 ms CreateObjectMapping: 0.050700 ms MarkObjects: 2.099100 ms  DeleteObjects: 0.016600 ms)

========================================================================
Received Prepare
Registering precompiled user dll's ...
Registered in 0.000983 seconds.
Begin MonoManager ReloadAssembly
Native extension for WindowsStandalone target not found
Refreshing native plugins compatible for Editor in 0.36 ms, found 0 plugins.
Preloading 0 native plugins for Editor in 0.00 ms.
Invoked RoslynAnalysisRunner static constructor.
RoslynAnalysisRunner will not be running.
RoslynAnalysisRunner has terminated.
Mono: successfully reloaded assembly
- Completed reload, in  1.042 seconds
Platform modules already initialized, skipping
Refreshing native plugins compatible for Editor in 0.36 ms, found 0 plugins.
Preloading 0 native plugins for Editor in 0.00 ms.
Unloading 1236 Unused Serialized files (Serialized files now loaded: 0)
System memory in use before: 72.0 MB.
System memory in use after: 72.1 MB.

Unloading 4 unused Assets to reduce memory usage. Loaded Objects now: 1798.
Total: 2.284400 ms (FindLiveObjects: 0.295800 ms CreateObjectMapping: 0.054100 ms MarkObjects: 1.913600 ms  DeleteObjects: 0.019100 ms)

========================================================================
Received Prepare
Registering precompiled user dll's ...
Registered in 0.000728 seconds.
Begin MonoManager ReloadAssembly
Native extension for WindowsStandalone target not found
Refreshing native plugins compatible for Editor in 0.36 ms, found 0 plugins.
Preloading 0 native plugins for Editor in 0.00 ms.
Invoked RoslynAnalysisRunner static constructor.
RoslynAnalysisRunner will not be running.
RoslynAnalysisRunner has terminated.
Mono: successfully reloaded assembly
- Completed reload, in  1.049 seconds
Platform modules already initialized, skipping
Refreshing native plugins compatible for Editor in 0.35 ms, found 0 plugins.
Preloading 0 native plugins for Editor in 0.00 ms.
Unloading 1236 Unused Serialized files (Serialized files now loaded: 0)
System memory in use before: 72.0 MB.
System memory in use after: 72.1 MB.

Unloading 4 unused Assets to reduce memory usage. Loaded Objects now: 1801.
Total: 2.402700 ms (FindLiveObjects: 0.297900 ms CreateObjectMapping: 0.070700 ms MarkObjects: 2.010700 ms  DeleteObjects: 0.021300 ms)

========================================================================
Received Prepare
Registering precompiled user dll's ...
Registered in 0.001115 seconds.
Begin MonoManager ReloadAssembly
Native extension for WindowsStandalone target not found
Refreshing native plugins compatible for Editor in 0.37 ms, found 0 plugins.
Preloading 0 native plugins for Editor in 0.00 ms.
Invoked RoslynAnalysisRunner static constructor.
RoslynAnalysisRunner will not be running.
RoslynAnalysisRunner has terminated.
Mono: successfully reloaded assembly
- Completed reload, in  1.023 seconds
Platform modules already initialized, skipping
Refreshing native plugins compatible for Editor in 0.35 ms, found 0 plugins.
Preloading 0 native plugins for Editor in 0.00 ms.
Unloading 1236 Unused Serialized files (Serialized files now loaded: 0)
System memory in use before: 72.0 MB.
System memory in use after: 72.1 MB.

Unloading 4 unused Assets to reduce memory usage. Loaded Objects now: 1804.
Total: 2.561700 ms (FindLiveObjects: 0.302200 ms CreateObjectMapping: 0.063000 ms MarkObjects: 2.173200 ms  DeleteObjects: 0.021700 ms)

========================================================================
Received Prepare
Registering precompiled user dll's ...
Registered in 0.000863 seconds.
Begin MonoManager ReloadAssembly
Native extension for WindowsStandalone target not found
Refreshing native plugins compatible for Editor in 0.37 ms, found 0 plugins.
Preloading 0 native plugins for Editor in 0.00 ms.
Invoked RoslynAnalysisRunner static constructor.
RoslynAnalysisRunner will not be running.
RoslynAnalysisRunner has terminated.
Mono: successfully reloaded assembly
- Completed reload, in  1.079 seconds
Platform modules already initialized, skipping
Refreshing native plugins compatible for Editor in 0.38 ms, found 0 plugins.
Preloading 0 native plugins for Editor in 0.00 ms.
Unloading 1236 Unused Serialized files (Serialized files now loaded: 0)
System memory in use before: 72.0 MB.
System memory in use after: 72.1 MB.

Unloading 4 unused Assets to reduce memory usage. Loaded Objects now: 1807.
Total: 2.502600 ms (FindLiveObjects: 0.230200 ms CreateObjectMapping: 0.048800 ms MarkObjects: 2.201100 ms  DeleteObjects: 0.020800 ms)

AssetImportWorkerClient::OnTransportError - code=2 error=End of file
